2015/11/04 17:27:25 INFO  - jmeter.util.JMeterUtils: Setting Locale to en_US 
2015/11/04 17:27:25 INFO  - jmeter.JMeter: Loading user properties from: D:\Workspace\STS\apache-jmeter-2.13_src\bin\user.properties 
2015/11/04 17:27:25 INFO  - jmeter.JMeter: Loading system properties from: D:\Workspace\STS\apache-jmeter-2.13_src\bin\system.properties 
2015/11/04 17:27:25 INFO  - jmeter.JMeter: Copyright (c) 1998-2015 The Apache Software Foundation 
2015/11/04 17:27:25 INFO  - jmeter.JMeter: Version 2.13.20151104 
2015/11/04 17:27:25 INFO  - jmeter.JMeter: java.version=1.7.0_76 
2015/11/04 17:27:25 INFO  - jmeter.JMeter: java.vm.name=Java HotSpot(TM) 64-Bit Server VM 
2015/11/04 17:27:25 INFO  - jmeter.JMeter: os.name=Windows 7 
2015/11/04 17:27:25 INFO  - jmeter.JMeter: os.arch=amd64 
2015/11/04 17:27:25 INFO  - jmeter.JMeter: os.version=6.1 
2015/11/04 17:27:25 INFO  - jmeter.JMeter: file.encoding=GBK 
2015/11/04 17:27:25 INFO  - jmeter.JMeter: Default Locale=English (United States) 
2015/11/04 17:27:25 INFO  - jmeter.JMeter: JMeter  Locale=English (United States) 
2015/11/04 17:27:25 INFO  - jmeter.JMeter: JMeterHome=D:\Workspace\STS\apache-jmeter-2.13_src 
2015/11/04 17:27:25 INFO  - jmeter.JMeter: user.dir  =D:\Workspace\STS\apache-jmeter-2.13_src\bin 
2015/11/04 17:27:25 INFO  - jmeter.JMeter: PWD       =D:\Workspace\STS\apache-jmeter-2.13_src\bin 
2015/11/04 17:27:25 INFO  - jmeter.JMeter: IP: 127.0.0.1 Name: Angi-TR FullName: localhost.localdomain 
2015/11/04 17:27:25 INFO  - jmeter.gui.action.LookAndFeelCommand: Using look and feel: javax.swing.plaf.metal.MetalLookAndFeel [Metal, CrossPlatform] 
2015/11/04 17:27:25 INFO  - jmeter.JMeter: Loaded icon properties from org/apache/jmeter/images/icon.properties 
2015/11/04 17:27:26 INFO  - jmeter.engine.util.CompoundVariable: Note: Function class names must contain the string: '.functions.' 
2015/11/04 17:27:26 INFO  - jmeter.engine.util.CompoundVariable: Note: Function class names must not contain the string: '.gui.' 
2015/11/04 17:27:26 INFO  - jmeter.util.BSFTestElement: Registering JMeter version of JavaScript engine as work-round for BSF-22 
2015/11/04 17:27:27 INFO  - jmeter.protocol.http.sampler.HTTPSamplerBase: Cannot find .className property for htmlParser, using default 
2015/11/04 17:27:27 INFO  - jmeter.protocol.http.sampler.HTTPSamplerBase: Parser for text/html is  
2015/11/04 17:27:27 INFO  - jmeter.protocol.http.sampler.HTTPSamplerBase: Parser for application/xhtml+xml is  
2015/11/04 17:27:27 INFO  - jmeter.protocol.http.sampler.HTTPSamplerBase: Parser for application/xml is  
2015/11/04 17:27:27 INFO  - jmeter.protocol.http.sampler.HTTPSamplerBase: Parser for text/xml is  
2015/11/04 17:27:27 INFO  - jmeter.protocol.http.sampler.HTTPSamplerBase: Parser for text/vnd.wap.wml is org.apache.jmeter.protocol.http.parser.RegexpHTMLParser 
2015/11/04 17:27:27 INFO  - jmeter.gui.util.MenuFactory: Skipping org.apache.jmeter.protocol.http.control.gui.WebServiceSamplerGui 
2015/11/04 17:27:27 INFO  - jmeter.gui.util.MenuFactory: Skipping org.apache.jmeter.protocol.http.modifier.gui.ParamModifierGui 
2015/11/04 17:27:27 INFO  - jorphan.exec.KeyToolUtils: keytool found at 'keytool' 
2015/11/04 17:27:27 INFO  - jmeter.protocol.http.proxy.ProxyControl: HTTP(S) Test Script Recorder SSL Proxy will use keys that support embedded 3rd party resources in file D:\Workspace\STS\apache-jmeter-2.13_src\bin\proxyserver.jks 
2015/11/04 17:27:27 INFO  - jmeter.samplers.SampleResult: Note: Sample TimeStamps are START times 
2015/11/04 17:27:27 INFO  - jmeter.samplers.SampleResult: sampleresult.default.encoding is set to ISO-8859-1 
2015/11/04 17:27:27 INFO  - jmeter.samplers.SampleResult: sampleresult.useNanoTime=true 
2015/11/04 17:27:27 INFO  - jmeter.samplers.SampleResult: sampleresult.nanoThreadSleep=5000 
2015/11/04 17:27:30 INFO  - jmeter.services.FileServer: Default base='D:\Workspace\STS\apache-jmeter-2.13_src\bin' 
2015/11/04 17:27:30 INFO  - jmeter.gui.action.Load: Loading file: D:\Workspace\STS\performance-sample\jmeter\socket-AsciiLengthField.jmx 
2015/11/04 17:27:30 INFO  - jmeter.services.FileServer: Set new base='D:\Workspace\STS\performance-sample\jmeter' 
2015/11/04 17:27:30 INFO  - jmeter.save.SaveService: Testplan (JMX) version: 2.2. Testlog (JTL) version: 2.2 
2015/11/04 17:27:30 INFO  - jmeter.save.SaveService: Using SaveService properties file encoding UTF-8 
2015/11/04 17:27:30 INFO  - jmeter.save.SaveService: Using SaveService properties file version 1656252 
2015/11/04 17:27:30 INFO  - jmeter.save.SaveService: Using SaveService properties version 2.8 
2015/11/04 17:27:30 INFO  - jmeter.save.SaveService: All converter versions present and correct 
2015/11/04 17:27:30 INFO  - jmeter.save.SaveService: Loading file: D:\Workspace\STS\performance-sample\jmeter\socket-AsciiLengthField.jmx 
2015/11/04 17:27:30 INFO  - jmeter.services.FileServer: Set new base='D:\Workspace\STS\performance-sample\jmeter' 
2015/11/04 17:27:34 INFO  - jmeter.engine.StandardJMeterEngine: Listeners will be started after enabling running version 
2015/11/04 17:27:34 INFO  - jmeter.engine.StandardJMeterEngine: To revert to the earlier behaviour, define jmeterengine.startlistenerslater=false 
2015/11/04 17:27:34 INFO  - jmeter.engine.StandardJMeterEngine: Running the test! 
2015/11/04 17:27:34 INFO  - jmeter.samplers.SampleEvent: List of sample_variables: [] 
2015/11/04 17:27:34 INFO  - jmeter.samplers.SampleEvent: List of sample_variables: [] 
2015/11/04 17:27:34 INFO  - jmeter.gui.util.JMeterMenuBar: setRunning(true,*local*) 
2015/11/04 17:27:34 INFO  - jmeter.engine.StandardJMeterEngine: Starting ThreadGroup: 1 : 线程组 
2015/11/04 17:27:34 INFO  - jmeter.engine.StandardJMeterEngine: Starting 1 threads for group 线程组. 
2015/11/04 17:27:34 INFO  - jmeter.engine.StandardJMeterEngine: Thread will continue on error 
2015/11/04 17:27:34 INFO  - jmeter.threads.ThreadGroup: Starting thread group number 1 threads 1 ramp-up 1 perThread 1000.0 delayedStart=false 
2015/11/04 17:27:34 INFO  - jmeter.threads.JMeterThread: jmeterthread.startearlier=true (see jmeter.properties) 
2015/11/04 17:27:34 INFO  - jmeter.threads.JMeterThread: Running PostProcessors in forward order 
2015/11/04 17:27:34 INFO  - jmeter.threads.ThreadGroup: Started thread group number 1 
2015/11/04 17:27:34 INFO  - jmeter.engine.StandardJMeterEngine: All thread groups have been started 
2015/11/04 17:27:34 INFO  - jmeter.threads.JMeterThread: Thread started: 线程组 1-1 
2015/11/04 17:27:35 WARN  - jmeter.protocol.tcp.sampler.TCPSampler: Could not create socket for tcp://localhost:8099 java.net.ConnectException: Connection refused: connect
	at java.net.DualStackPlainSocketImpl.connect0(Native Method)
	at java.net.DualStackPlainSocketImpl.socketConnect(DualStackPlainSocketImpl.java:79)
	at java.net.AbstractPlainSocketImpl.doConnect(AbstractPlainSocketImpl.java:339)
	at java.net.AbstractPlainSocketImpl.connectToAddress(AbstractPlainSocketImpl.java:200)
	at java.net.AbstractPlainSocketImpl.connect(AbstractPlainSocketImpl.java:182)
	at java.net.PlainSocketImpl.connect(PlainSocketImpl.java:172)
	at java.net.SocksSocketImpl.connect(SocksSocketImpl.java:392)
	at java.net.Socket.connect(Socket.java:579)
	at org.apache.jmeter.protocol.tcp.sampler.TCPSampler.getSocket(TCPSampler.java:183)
	at org.apache.jmeter.protocol.tcp.sampler.TCPSampler.sample(TCPSampler.java:399)
	at org.apache.jmeter.threads.JMeterThread.process_sampler(JMeterThread.java:434)
	at org.apache.jmeter.threads.JMeterThread.run(JMeterThread.java:261)
	at java.lang.Thread.run(Thread.java:745)

2015/11/04 17:27:35 INFO  - jmeter.threads.JMeterThread: Thread is done: 线程组 1-1 
2015/11/04 17:27:35 INFO  - jmeter.threads.JMeterThread: Thread finished: 线程组 1-1 
2015/11/04 17:27:35 INFO  - jmeter.engine.StandardJMeterEngine: Notifying test listeners of end of test 
2015/11/04 17:27:35 INFO  - jmeter.gui.util.JMeterMenuBar: setRunning(false,*local*) 
2015/11/04 17:27:56 INFO  - jmeter.engine.StandardJMeterEngine: Running the test! 
2015/11/04 17:27:56 INFO  - jmeter.samplers.SampleEvent: List of sample_variables: [] 
2015/11/04 17:27:56 INFO  - jmeter.gui.util.JMeterMenuBar: setRunning(true,*local*) 
2015/11/04 17:27:56 INFO  - jmeter.engine.StandardJMeterEngine: Starting ThreadGroup: 1 : 线程组 
2015/11/04 17:27:56 INFO  - jmeter.engine.StandardJMeterEngine: Starting 1 threads for group 线程组. 
2015/11/04 17:27:56 INFO  - jmeter.engine.StandardJMeterEngine: Thread will continue on error 
2015/11/04 17:27:56 INFO  - jmeter.threads.ThreadGroup: Starting thread group number 1 threads 1 ramp-up 1 perThread 1000.0 delayedStart=false 
2015/11/04 17:27:56 INFO  - jmeter.threads.ThreadGroup: Started thread group number 1 
2015/11/04 17:27:56 INFO  - jmeter.engine.StandardJMeterEngine: All thread groups have been started 
2015/11/04 17:27:56 INFO  - jmeter.threads.JMeterThread: Thread started: 线程组 1-1 
2015/11/04 17:27:56 INFO  - jmeter.threads.JMeterThread: Thread is done: 线程组 1-1 
2015/11/04 17:27:56 INFO  - jmeter.threads.JMeterThread: Thread finished: 线程组 1-1 
2015/11/04 17:27:56 INFO  - jmeter.engine.StandardJMeterEngine: Notifying test listeners of end of test 
2015/11/04 17:27:56 INFO  - jmeter.gui.util.JMeterMenuBar: setRunning(false,*local*) 
2015/11/04 17:28:45 INFO  - jmeter.engine.StandardJMeterEngine: Running the test! 
2015/11/04 17:28:45 INFO  - jmeter.samplers.SampleEvent: List of sample_variables: [] 
2015/11/04 17:28:45 INFO  - jmeter.gui.util.JMeterMenuBar: setRunning(true,*local*) 
2015/11/04 17:28:45 INFO  - jmeter.engine.StandardJMeterEngine: Starting ThreadGroup: 1 : 线程组 
2015/11/04 17:28:45 INFO  - jmeter.engine.StandardJMeterEngine: Starting 1 threads for group 线程组. 
2015/11/04 17:28:45 INFO  - jmeter.engine.StandardJMeterEngine: Thread will continue on error 
2015/11/04 17:28:45 INFO  - jmeter.threads.ThreadGroup: Starting thread group number 1 threads 1 ramp-up 1 perThread 1000.0 delayedStart=false 
2015/11/04 17:28:45 INFO  - jmeter.threads.ThreadGroup: Started thread group number 1 
2015/11/04 17:28:45 INFO  - jmeter.engine.StandardJMeterEngine: All thread groups have been started 
2015/11/04 17:28:45 INFO  - jmeter.threads.JMeterThread: Thread started: 线程组 1-1 
2015/11/04 17:28:46 INFO  - jmeter.threads.JMeterThread: Thread is done: 线程组 1-1 
2015/11/04 17:28:46 INFO  - jmeter.threads.JMeterThread: Thread finished: 线程组 1-1 
2015/11/04 17:28:46 INFO  - jmeter.engine.StandardJMeterEngine: Notifying test listeners of end of test 
2015/11/04 17:28:46 INFO  - jmeter.gui.util.JMeterMenuBar: setRunning(false,*local*) 
2015/11/04 17:28:57 INFO  - jmeter.engine.StandardJMeterEngine: Running the test! 
2015/11/04 17:28:57 INFO  - jmeter.samplers.SampleEvent: List of sample_variables: [] 
2015/11/04 17:28:57 INFO  - jmeter.gui.util.JMeterMenuBar: setRunning(true,*local*) 
2015/11/04 17:28:57 INFO  - jmeter.engine.StandardJMeterEngine: Starting ThreadGroup: 1 : 线程组 
2015/11/04 17:28:57 INFO  - jmeter.engine.StandardJMeterEngine: Starting 1 threads for group 线程组. 
2015/11/04 17:28:57 INFO  - jmeter.engine.StandardJMeterEngine: Thread will continue on error 
2015/11/04 17:28:57 INFO  - jmeter.threads.ThreadGroup: Starting thread group number 1 threads 1 ramp-up 1 perThread 1000.0 delayedStart=false 
2015/11/04 17:28:57 INFO  - jmeter.threads.ThreadGroup: Started thread group number 1 
2015/11/04 17:28:57 INFO  - jmeter.engine.StandardJMeterEngine: All thread groups have been started 
2015/11/04 17:28:57 INFO  - jmeter.threads.JMeterThread: Thread started: 线程组 1-1 
2015/11/04 17:28:57 INFO  - jmeter.threads.JMeterThread: Thread is done: 线程组 1-1 
2015/11/04 17:28:57 INFO  - jmeter.threads.JMeterThread: Thread finished: 线程组 1-1 
2015/11/04 17:28:57 INFO  - jmeter.engine.StandardJMeterEngine: Notifying test listeners of end of test 
2015/11/04 17:28:57 INFO  - jmeter.gui.util.JMeterMenuBar: setRunning(false,*local*) 
2015/11/04 17:30:00 INFO  - jmeter.engine.StandardJMeterEngine: Running the test! 
2015/11/04 17:30:00 INFO  - jmeter.samplers.SampleEvent: List of sample_variables: [] 
2015/11/04 17:30:00 INFO  - jmeter.gui.util.JMeterMenuBar: setRunning(true,*local*) 
2015/11/04 17:30:00 INFO  - jmeter.engine.StandardJMeterEngine: Starting ThreadGroup: 1 : 线程组 
2015/11/04 17:30:00 INFO  - jmeter.engine.StandardJMeterEngine: Starting 1 threads for group 线程组. 
2015/11/04 17:30:00 INFO  - jmeter.engine.StandardJMeterEngine: Thread will continue on error 
2015/11/04 17:30:00 INFO  - jmeter.threads.ThreadGroup: Starting thread group number 1 threads 1 ramp-up 1 perThread 1000.0 delayedStart=false 
2015/11/04 17:30:00 INFO  - jmeter.threads.ThreadGroup: Started thread group number 1 
2015/11/04 17:30:00 INFO  - jmeter.engine.StandardJMeterEngine: All thread groups have been started 
2015/11/04 17:30:00 INFO  - jmeter.threads.JMeterThread: Thread started: 线程组 1-1 
2015/11/04 17:30:10 INFO  - jmeter.threads.JMeterThread: Thread is done: 线程组 1-1 
2015/11/04 17:30:10 INFO  - jmeter.threads.JMeterThread: Thread finished: 线程组 1-1 
2015/11/04 17:30:10 INFO  - jmeter.engine.StandardJMeterEngine: Notifying test listeners of end of test 
2015/11/04 17:30:10 INFO  - jmeter.gui.util.JMeterMenuBar: setRunning(false,*local*) 
2015/11/04 17:30:58 INFO  - jmeter.engine.StandardJMeterEngine: Running the test! 
2015/11/04 17:30:58 INFO  - jmeter.samplers.SampleEvent: List of sample_variables: [] 
2015/11/04 17:30:58 INFO  - jmeter.gui.util.JMeterMenuBar: setRunning(true,*local*) 
2015/11/04 17:30:58 INFO  - jmeter.engine.StandardJMeterEngine: Starting ThreadGroup: 1 : 线程组 
2015/11/04 17:30:58 INFO  - jmeter.engine.StandardJMeterEngine: Starting 1 threads for group 线程组. 
2015/11/04 17:30:58 INFO  - jmeter.engine.StandardJMeterEngine: Thread will continue on error 
2015/11/04 17:30:58 INFO  - jmeter.threads.ThreadGroup: Starting thread group number 1 threads 1 ramp-up 1 perThread 1000.0 delayedStart=false 
2015/11/04 17:30:58 INFO  - jmeter.threads.ThreadGroup: Started thread group number 1 
2015/11/04 17:30:58 INFO  - jmeter.engine.StandardJMeterEngine: All thread groups have been started 
2015/11/04 17:30:58 INFO  - jmeter.threads.JMeterThread: Thread started: 线程组 1-1 
2015/11/04 17:31:07 INFO  - jmeter.threads.JMeterThread: Thread is done: 线程组 1-1 
2015/11/04 17:31:07 INFO  - jmeter.threads.JMeterThread: Thread finished: 线程组 1-1 
2015/11/04 17:31:07 INFO  - jmeter.engine.StandardJMeterEngine: Notifying test listeners of end of test 
2015/11/04 17:31:07 INFO  - jmeter.gui.util.JMeterMenuBar: setRunning(false,*local*) 
2015/11/04 17:33:41 INFO  - jmeter.engine.StandardJMeterEngine: Running the test! 
2015/11/04 17:33:41 INFO  - jmeter.samplers.SampleEvent: List of sample_variables: [] 
2015/11/04 17:33:41 INFO  - jmeter.gui.util.JMeterMenuBar: setRunning(true,*local*) 
2015/11/04 17:33:41 INFO  - jmeter.engine.StandardJMeterEngine: Starting ThreadGroup: 1 : 线程组 
2015/11/04 17:33:41 INFO  - jmeter.engine.StandardJMeterEngine: Starting 1 threads for group 线程组. 
2015/11/04 17:33:41 INFO  - jmeter.engine.StandardJMeterEngine: Thread will continue on error 
2015/11/04 17:33:41 INFO  - jmeter.threads.ThreadGroup: Starting thread group number 1 threads 1 ramp-up 1 perThread 1000.0 delayedStart=false 
2015/11/04 17:33:41 INFO  - jmeter.threads.ThreadGroup: Started thread group number 1 
2015/11/04 17:33:41 INFO  - jmeter.engine.StandardJMeterEngine: All thread groups have been started 
2015/11/04 17:33:41 INFO  - jmeter.threads.JMeterThread: Thread started: 线程组 1-1 
2015/11/04 17:33:49 INFO  - jmeter.threads.JMeterThread: Thread is done: 线程组 1-1 
2015/11/04 17:33:49 INFO  - jmeter.threads.JMeterThread: Thread finished: 线程组 1-1 
2015/11/04 17:33:49 INFO  - jmeter.engine.StandardJMeterEngine: Notifying test listeners of end of test 
2015/11/04 17:33:49 INFO  - jmeter.gui.util.JMeterMenuBar: setRunning(false,*local*) 
2015/11/04 17:34:24 INFO  - jmeter.engine.StandardJMeterEngine: Running the test! 
2015/11/04 17:34:24 INFO  - jmeter.samplers.SampleEvent: List of sample_variables: [] 
2015/11/04 17:34:24 INFO  - jmeter.gui.util.JMeterMenuBar: setRunning(true,*local*) 
2015/11/04 17:34:24 INFO  - jmeter.engine.StandardJMeterEngine: Starting ThreadGroup: 1 : 线程组 
2015/11/04 17:34:24 INFO  - jmeter.engine.StandardJMeterEngine: Starting 1 threads for group 线程组. 
2015/11/04 17:34:24 INFO  - jmeter.engine.StandardJMeterEngine: Thread will continue on error 
2015/11/04 17:34:24 INFO  - jmeter.threads.ThreadGroup: Starting thread group number 1 threads 1 ramp-up 1 perThread 1000.0 delayedStart=false 
2015/11/04 17:34:24 INFO  - jmeter.threads.ThreadGroup: Started thread group number 1 
2015/11/04 17:34:24 INFO  - jmeter.engine.StandardJMeterEngine: All thread groups have been started 
2015/11/04 17:34:24 INFO  - jmeter.threads.JMeterThread: Thread started: 线程组 1-1 
2015/11/04 17:35:55 INFO  - jmeter.threads.JMeterThread: Thread is done: 线程组 1-1 
2015/11/04 17:35:55 INFO  - jmeter.threads.JMeterThread: Thread finished: 线程组 1-1 
2015/11/04 17:35:55 INFO  - jmeter.engine.StandardJMeterEngine: Notifying test listeners of end of test 
2015/11/04 17:35:55 INFO  - jmeter.gui.util.JMeterMenuBar: setRunning(false,*local*) 
